app/build/outputs/logs/manifest-merger-debug-report.txt
-- Merging decision tree log ---
manifest
ADDED from src/main/AndroidManifest.xml:2:1-141:12
INJECTED from src/main/AndroidManifest.xml:2:1-141:12
INJECTED from src/main/AndroidManifest.xml:2:1-141:12
INJECTED from src/main/AndroidManifest.xml:2:1-141:12
MERGED from [com.android.support:design:26.0.0] AndroidManifest.xml:17:1-31:12
MERGED from [com.android.support:appcompat-v7:26.0.0] AndroidManifest.xml:17:1-31:12
MERGED from [com.android.support:cardview-v7:26.0.0] AndroidManifest.xml:17:1-28:12
MERGED from [de.hdodenhof:circleimageview:2.1.0] AndroidManifest.xml:2:1-11:12
MERGED from [com.jakewharton:butterknife:8.4.0] AndroidManifest.xml:2:1-7:12
MERGED from [com.android.support:recyclerview-v7:26.0.0] AndroidManifest.xml:17:1-28:12
MERGED from [com.android.support:animated-vector-drawable:26.0.0] AndroidManifest.xml:17:1-28:12
MERGED from [com.android.support:support-vector-drawable:26.0.0] AndroidManifest.xml:17:1-28:12
MERGED from [com.android.support:transition:26.0.0] AndroidManifest.xml:17:1-28:12
MERGED from [com.android.support:support-v4:26.0.0] AndroidManifest.xml:17:1-31:12
MERGED from [com.android.support:support-fragment:26.0.0] AndroidManifest.xml:17:1-31:12
MERGED from [com.android.support:support-core-ui:26.0.0] AndroidManifest.xml:17:1-31:12
MERGED from [com.android.support:support-media-compat:26.0.0] AndroidManifest.xml:17:1-31:12
MERGED from [com.android.support:support-core-utils:26.0.0] AndroidManifest.xml:17:1-31:12
MERGED from [com.android.support:support-compat:26.0.0] AndroidManifest.xml:17:1-31:12
MERGED from [com.android.support:multidex:1.0.1] AndroidManifest.xml:16:1-19:12
INJECTED from src/main/AndroidManifest.xml:2:1-141:12
INJECTED from src/main/AndroidManifest.xml:2:1-141:12
INJECTED from src/main/AndroidManifest.xml:2:1-141:12
	package
		ADDED from src/main/AndroidManifest.xml:4:5-40
		INJECTED from src/main/AndroidManifest.xml
		INJECTED from src/main/AndroidManifest.xml
	android:versionName
		ADDED from src/main/AndroidManifest.xml:6:5-30
		INJECTED from src/main/AndroidManifest.xml
		INJECTED from src/main/AndroidManifest.xml
	xmlns:tools
		ADDED from src/main/AndroidManifest.xml:3:5-51
	xmlns:android
		ADDED from src/main/AndroidManifest.xml:2:11-69
	android:versionCode
		ADDED from src/main/AndroidManifest.xml:5:5-28
		INJECTED from src/main/AndroidManifest.xml
		INJECTED from src/main/AndroidManifest.xml
uses-permission#android.permission.MOUNT_UNMOUNT_FILESYSTEM
ADDED from src/main/AndroidManifest.xml:9:5-82
	android:name
		ADDED from src/main/AndroidManifest.xml:9:22-80
uses-permission#android.permission.INTERNET
ADDED from src/main/AndroidManifest.xml:10:5-67
	android:name
		ADDED from src/main/AndroidManifest.xml:10:22-64
uses-permission#android.permission.WRITE_EXTERNAL_STORAGE
ADDED from src/main/AndroidManifest.xml:14:5-81
	android:name
		ADDED from src/main/AndroidManifest.xml:14:22-78
uses-permission#android.permission.CAMERA
ADDED from src/main/AndroidManifest.xml:17:5-65
	android:name
		ADDED from src/main/AndroidManifest.xml:17:22-62
uses-permission#android.permission.ACCESS_NETWORK_STATE
ADDED from src/main/AndroidManifest.xml:21:5-79
	android:name
		ADDED from src/main/AndroidManifest.xml:21:22-76
uses-permission#android.permission.ACCESS_WIFI_STATE
ADDED from src/main/AndroidManifest.xml:23:5-76
	android:name
		ADDED from src/main/AndroidManifest.xml:23:22-73
uses-permission#android.permission.READ_PHONE_STATE
ADDED from src/main/AndroidManifest.xml:25:5-75
	android:name
		ADDED from src/main/AndroidManifest.xml:25:22-72
uses-permission#android.permission.ACCESS_COARSE_LOCATION
ADDED from src/main/AndroidManifest.xml:27:5-81
	android:name
		ADDED from src/main/AndroidManifest.xml:27:22-78
uses-permission#android.permission.ACCESS_FINE_LOCATION
ADDED from src/main/AndroidManifest.xml:29:5-79
	android:name
		ADDED from src/main/AndroidManifest.xml:29:22-76
uses-permission#android.permission.CHANGE_WIFI_STATE
ADDED from src/main/AndroidManifest.xml:31:5-76
	android:name
		ADDED from src/main/AndroidManifest.xml:31:22-73
uses-permission#android.permission.ACCESS_LOCATION_EXTRA_COMMANDS
ADDED from src/main/AndroidManifest.xml:34:5-89
	android:name
		ADDED from src/main/AndroidManifest.xml:34:22-86
uses-permission#android.permission.READ_EXTERNAL_STORAGE
ADDED from src/main/AndroidManifest.xml:45:5-80
	android:name
		ADDED from src/main/AndroidManifest.xml:45:22-77
uses-permission#android.permission.SEND_SMS
ADDED from src/main/AndroidManifest.xml:48:5-67
	android:name
		ADDED from src/main/AndroidManifest.xml:48:22-64
uses-permission#com.android.alarm.permission.SET_ALARM
ADDED from src/main/AndroidManifest.xml:50:5-78
	android:name
		ADDED from src/main/AndroidManifest.xml:50:22-75
uses-permission#android.permission.CALL_PHONE
ADDED from src/main/AndroidManifest.xml:51:5-69
	android:name
		ADDED from src/main/AndroidManifest.xml:51:22-66
application
ADDED from src/main/AndroidManifest.xml:53:5-139:19
MERGED from [com.android.support:design:26.0.0] AndroidManifest.xml:25:5-29:19
MERGED from [com.android.support:design:26.0.0] AndroidManifest.xml:25:5-29:19
MERGED from [com.android.support:appcompat-v7:26.0.0] AndroidManifest.xml:25:5-29:19
MERGED from [com.android.support:appcompat-v7:26.0.0] AndroidManifest.xml:25:5-29:19
MERGED from [com.android.support:cardview-v7:26.0.0] AndroidManifest.xml:22:5-26:19
MERGED from [com.android.support:cardview-v7:26.0.0] AndroidManifest.xml:22:5-26:19
MERGED from [de.hdodenhof:circleimageview:2.1.0] AndroidManifest.xml:9:5-20
MERGED from [de.hdodenhof:circleimageview:2.1.0] AndroidManifest.xml:9:5-20
MERGED from [com.android.support:recyclerview-v7:26.0.0] AndroidManifest.xml:22:5-26:19
MERGED from [com.android.support:recyclerview-v7:26.0.0] AndroidManifest.xml:22:5-26:19
MERGED from [com.android.support:animated-vector-drawable:26.0.0] AndroidManifest.xml:22:5-26:19
MERGED from [com.android.support:animated-vector-drawable:26.0.0] AndroidManifest.xml:22:5-26:19
MERGED from [com.android.support:support-vector-drawable:26.0.0] AndroidManifest.xml:22:5-26:19
MERGED from [com.android.support:support-vector-drawable:26.0.0] AndroidManifest.xml:22:5-26:19
MERGED from [com.android.support:transition:26.0.0] AndroidManifest.xml:22:5-26:19
MERGED from [com.android.support:transition:26.0.0] AndroidManifest.xml:22:5-26:19
MERGED from [com.android.support:support-v4:26.0.0] AndroidManifest.xml:25:5-29:19
MERGED from [com.android.support:support-v4:26.0.0] AndroidManifest.xml:25:5-29:19
MERGED from [com.android.support:support-fragment:26.0.0] AndroidManifest.xml:25:5-29:19
MERGED from [com.android.support:support-fragment:26.0.0] AndroidManifest.xml:25:5-29:19
MERGED from [com.android.support:support-core-ui:26.0.0] AndroidManifest.xml:25:5-29:19
MERGED from [com.android.support:support-core-ui:26.0.0] AndroidManifest.xml:25:5-29:19
MERGED from [com.android.support:support-media-compat:26.0.0] AndroidManifest.xml:25:5-29:19
MERGED from [com.android.support:support-media-compat:26.0.0] AndroidManifest.xml:25:5-29:19
MERGED from [com.android.support:support-core-utils:26.0.0] AndroidManifest.xml:25:5-29:19
MERGED from [com.android.support:support-core-utils:26.0.0] AndroidManifest.xml:25:5-29:19
MERGED from [com.android.support:support-compat:26.0.0] AndroidManifest.xml:25:5-29:19
MERGED from [com.android.support:support-compat:26.0.0] AndroidManifest.xml:25:5-29:19
	android:label
		ADDED from src/main/AndroidManifest.xml:57:9-41
	android:icon
		ADDED from src/main/AndroidManifest.xml:56:9-41
	android:allowBackup
		ADDED from src/main/AndroidManifest.xml:55:9-35
	android:theme
		ADDED from src/main/AndroidManifest.xml:58:9-40
	android:name
		ADDED from src/main/AndroidManifest.xml:54:9-52
meta-data#com.amap.api.v2.apikey
ADDED from src/main/AndroidManifest.xml:59:9-62:64
	android:value
		ADDED from src/main/AndroidManifest.xml:62:13-61
	android:name
		ADDED from src/main/AndroidManifest.xml:61:13-50
provider#android.support.v4.content.FileProvider
ADDED from src/main/AndroidManifest.xml:63:9-72:20
	android:grantUriPermissions
		ADDED from src/main/AndroidManifest.xml:67:13-47
	android:authorities
		ADDED from src/main/AndroidManifest.xml:64:13-75
	android:exported
		ADDED from src/main/AndroidManifest.xml:66:13-37
	android:name
		ADDED from src/main/AndroidManifest.xml:65:13-67
meta-data#android.support.FILE_PROVIDER_PATHS
ADDED from src/main/AndroidManifest.xml:68:12-71:18
	android:resource
		ADDED from src/main/AndroidManifest.xml:70:16-50
	android:name
		ADDED from src/main/AndroidManifest.xml:69:16-66
activity#com.mobileclient.activity.RegisterActivity
ADDED from src/main/AndroidManifest.xml:73:9-54
	android:name
		ADDED from src/main/AndroidManifest.xml:73:19-51
activity#com.mobileclient.activity.IndexActivity
ADDED from src/main/AndroidManifest.xml:74:9-51
	android:name
		ADDED from src/main/AndroidManifest.xml:74:19-48
activity#com.mobileclient.activity.MainActivity
ADDED from src/main/AndroidManifest.xml:75:9-50
	android:name
		ADDED from src/main/AndroidManifest.xml:75:19-47
activity#com.mobileclient.activity.MainUserActivity
ADDED from src/main/AndroidManifest.xml:76:9-54
	android:name
		ADDED from src/main/AndroidManifest.xml:76:19-51
activity#com.mobileclient.activity.MoreActivity
ADDED from src/main/AndroidManifest.xml:77:9-50
	android:name
		ADDED from src/main/AndroidManifest.xml:77:19-47
activity#com.mobileclient.activity.AboutActivity
ADDED from src/main/AndroidManifest.xml:78:9-51
	android:name
		ADDED from src/main/AndroidManifest.xml:78:19-48
activity#com.mobileclient.activity.MainMenuActivity
ADDED from src/main/AndroidManifest.xml:79:9-54
	android:name
		ADDED from src/main/AndroidManifest.xml:79:19-51
activity#com.mobileclient.activity.UserInfoQueryActivity
ADDED from src/main/AndroidManifest.xml:80:9-59
	android:name
		ADDED from src/main/AndroidManifest.xml:80:19-56
activity#com.mobileclient.activity.UserInfoAddActivity
ADDED from src/main/AndroidManifest.xml:81:9-57
	android:name
		ADDED from src/main/AndroidManifest.xml:81:19-54
activity#com.mobileclient.activity.UserInfoEditActivity
ADDED from src/main/AndroidManifest.xml:82:9-58
	android:name
		ADDED from src/main/AndroidManifest.xml:82:19-55
activity#com.mobileclient.activity.UserInfoDetailActivity
ADDED from src/main/AndroidManifest.xml:83:9-60
	android:name
		ADDED from src/main/AndroidManifest.xml:83:19-57
activity#com.mobileclient.activity.ExpressTakeMyListActivity
ADDED from src/main/AndroidManifest.xml:84:9-63
	android:name
		ADDED from src/main/AndroidManifest.xml:84:19-60
activity#com.mobileclient.activity.ExpressTakeQueryActivity
ADDED from src/main/AndroidManifest.xml:85:9-62
	android:name
		ADDED from src/main/AndroidManifest.xml:85:19-59
activity#com.mobileclient.activity.ExpressTakeAddActivity
ADDED from src/main/AndroidManifest.xml:86:9-60
	android:name
		ADDED from src/main/AndroidManifest.xml:86:19-57
activity#com.mobileclient.activity.ExpressTakeEditActivity
ADDED from src/main/AndroidManifest.xml:87:9-61
	android:name
		ADDED from src/main/AndroidManifest.xml:87:19-58
activity#com.mobileclient.activity.ExpressTakeDetailActivity
ADDED from src/main/AndroidManifest.xml:88:9-111
	android:configChanges
		ADDED from src/main/AndroidManifest.xml:88:61-108
	android:name
		ADDED from src/main/AndroidManifest.xml:88:19-60
activity#com.mobileclient.activity.OrderStateListActivity
ADDED from src/main/AndroidManifest.xml:89:9-60
	android:name
		ADDED from src/main/AndroidManifest.xml:89:19-57
activity#com.mobileclient.activity.OrderStateQueryActivity
ADDED from src/main/AndroidManifest.xml:90:9-61
	android:name
		ADDED from src/main/AndroidManifest.xml:90:19-58
activity#com.mobileclient.activity.OrderStateAddActivity
ADDED from src/main/AndroidManifest.xml:91:9-59
	android:name
		ADDED from src/main/AndroidManifest.xml:91:19-56
activity#com.mobileclient.activity.OrderStateEditActivity
ADDED from src/main/AndroidManifest.xml:92:9-60
	android:name
		ADDED from src/main/AndroidManifest.xml:92:19-57
activity#com.mobileclient.activity.OrderStateDetailActivity
ADDED from src/main/AndroidManifest.xml:93:9-62
	android:name
		ADDED from src/main/AndroidManifest.xml:93:19-59
activity#com.mobileclient.activity.TakeOrderUserListActivity
ADDED from src/main/AndroidManifest.xml:94:9-110
	android:configChanges
		ADDED from src/main/AndroidManifest.xml:94:61-108
	android:name
		ADDED from src/main/AndroidManifest.xml:94:19-60
activity#com.mobileclient.activity.TakeOrderUserEditActivity
ADDED from src/main/AndroidManifest.xml:95:9-63
	android:name
		ADDED from src/main/AndroidManifest.xml:95:19-60
activity#com.mobileclient.activity.NoticeListActivity
ADDED from src/main/AndroidManifest.xml:96:9-56
	android:name
		ADDED from src/main/AndroidManifest.xml:96:19-53
activity#com.mobileclient.activity.NoticeQueryActivity
ADDED from src/main/AndroidManifest.xml:97:9-57
	android:name
		ADDED from src/main/AndroidManifest.xml:97:19-54
activity#com.mobileclient.activity.NoticeAddActivity
ADDED from src/main/AndroidManifest.xml:98:9-55
	android:name
		ADDED from src/main/AndroidManifest.xml:98:19-52
activity#com.mobileclient.activity.NoticeEditActivity
ADDED from src/main/AndroidManifest.xml:99:9-56
	android:name
		ADDED from src/main/AndroidManifest.xml:99:19-53
activity#com.mobileclient.activity.NoticeDetailActivity
ADDED from src/main/AndroidManifest.xml:100:9-58
	android:name
		ADDED from src/main/AndroidManifest.xml:100:19-55
activity#com.mobileclient.activity.RouteActivity
ADDED from src/main/AndroidManifest.xml:101:9-51
	android:name
		ADDED from src/main/AndroidManifest.xml:101:19-48
activity#com.mobileclient.activity.photoListActivity
ADDED from src/main/AndroidManifest.xml:102:9-55
	android:name
		ADDED from src/main/AndroidManifest.xml:102:19-52
service#com.amap.api.location.APSService
ADDED from src/main/AndroidManifest.xml:104:9-68
	android:name
		ADDED from src/main/AndroidManifest.xml:104:18-65
activity#com.mobileclient.activity.ExpressRouteActivity
ADDED from src/main/AndroidManifest.xml:107:9-109:68
	android:label
		ADDED from src/main/AndroidManifest.xml:109:13-65
	android:name
		ADDED from src/main/AndroidManifest.xml:108:13-49
activity#com.mobileclient.activity.TjpuActivity
ADDED from src/main/AndroidManifest.xml:110:9-112:59
	android:label
		ADDED from src/main/AndroidManifest.xml:112:13-56
	android:name
		ADDED from src/main/AndroidManifest.xml:111:13-41
activity#com.mobileclient.activity.AdminLoginActivity
ADDED from src/main/AndroidManifest.xml:114:9-116:66
	android:label
		ADDED from src/main/AndroidManifest.xml:116:13-63
	android:name
		ADDED from src/main/AndroidManifest.xml:115:13-47
activity#com.mobileclient.activity.XuanActivity
ADDED from src/main/AndroidManifest.xml:117:9-126:20
	android:label
		ADDED from src/main/AndroidManifest.xml:119:13-42
	android:name
		ADDED from src/main/AndroidManifest.xml:118:13-41
intent-filter#action:name:android.intent.action.MAIN+category:name:android.intent.category.LAUNCHER
ADDED from src/main/AndroidManifest.xml:121:13-125:29
action#android.intent.action.MAIN
ADDED from src/main/AndroidManifest.xml:122:17-69
	android:name
		ADDED from src/main/AndroidManifest.xml:122:25-66
category#android.intent.category.LAUNCHER
ADDED from src/main/AndroidManifest.xml:124:17-77
	android:name
		ADDED from src/main/AndroidManifest.xml:124:27-74
activity#com.mobileclient.activity.SearchActivity
ADDED from src/main/AndroidManifest.xml:127:9-52
	android:name
		ADDED from src/main/AndroidManifest.xml:127:19-49
activity#com.mobileclient.activity.ExpressOrderListActivity
ADDED from src/main/AndroidManifest.xml:128:9-61
	android:name
		ADDED from src/main/AndroidManifest.xml:128:19-59
activity#com.mobileclient.activity.ExpressOrderAddActivity
ADDED from src/main/AndroidManifest.xml:129:9-61
	android:name
		ADDED from src/main/AndroidManifest.xml:129:19-58
activity#com.mobileclient.activity.ExpressOrderDetailActivity
ADDED from src/main/AndroidManifest.xml:130:9-63
	android:name
		ADDED from src/main/AndroidManifest.xml:130:19-61
activity#com.mobileclient.activity.ReceiveAddressListActivity
ADDED from src/main/AndroidManifest.xml:131:9-63
	android:name
		ADDED from src/main/AndroidManifest.xml:131:19-61
activity#com.mobileclient.activity.ReceiveAddressEditActivity
ADDED from src/main/AndroidManifest.xml:132:9-63
	android:name
		ADDED from src/main/AndroidManifest.xml:132:19-61
activity#com.mobileclient.activity.ReceiveAddressAddActivity
ADDED from src/main/AndroidManifest.xml:133:9-62
	android:name
		ADDED from src/main/AndroidManifest.xml:133:19-60
activity#com.mobileclient.activity.SecondAddressListActivity
ADDED from src/main/AndroidManifest.xml:134:9-62
	android:name
		ADDED from src/main/AndroidManifest.xml:134:19-60
activity#com.mobileclient.activity.SecondOrderDetailActivity
ADDED from src/main/AndroidManifest.xml:135:9-62
	android:name
		ADDED from src/main/AndroidManifest.xml:135:19-60
activity#com.mobileclient.activity.UserAuthActivity
ADDED from src/main/AndroidManifest.xml:136:9-53
	android:name
		ADDED from src/main/AndroidManifest.xml:136:19-51
activity#com.mobileclient.activity.LoginActivity
ADDED from src/main/AndroidManifest.xml:137:9-50
	android:name
		ADDED from src/main/AndroidManifest.xml:137:19-48
activity#com.cc.testdemo.MainActivity
ADDED from src/main/AndroidManifest.xml:138:9-64
	android:name
		ADDED from src/main/AndroidManifest.xml:138:19-62
uses-sdk
INJECTED from src/main/AndroidManifest.xml reason: use-sdk injection requested
INJECTED from src/main/AndroidManifest.xml
INJECTED from src/main/AndroidManifest.xml
MERGED from [com.android.support:design:26.0.0] AndroidManifest.xml:21:5-23:62
MERGED from [com.android.support:design:26.0.0] AndroidManifest.xml:21:5-23:62
MERGED from [com.android.support:appcompat-v7:26.0.0] AndroidManifest.xml:21:5-23:78
MERGED from [com.android.support:appcompat-v7:26.0.0] AndroidManifest.xml:21:5-23:78
MERGED from [com.android.support:cardview-v7:26.0.0] AndroidManifest.xml:20:5-44
MERGED from [com.android.support:cardview-v7:26.0.0] AndroidManifest.xml:20:5-44
MERGED from [de.hdodenhof:circleimageview:2.1.0] AndroidManifest.xml:5:5-7:41
MERGED from [de.hdodenhof:circleimageview:2.1.0] AndroidManifest.xml:5:5-7:41
MERGED from [com.jakewharton:butterknife:8.4.0] AndroidManifest.xml:5:5-43
MERGED from [com.jakewharton:butterknife:8.4.0] AndroidManifest.xml:5:5-43
MERGED from [com.android.support:recyclerview-v7:26.0.0] AndroidManifest.xml:20:5-44
MERGED from [com.android.support:recyclerview-v7:26.0.0] AndroidManifest.xml:20:5-44
MERGED from [com.android.support:animated-vector-drawable:26.0.0] AndroidManifest.xml:20:5-44
MERGED from [com.android.support:animated-vector-drawable:26.0.0] AndroidManifest.xml:20:5-44
MERGED from [com.android.support:support-vector-drawable:26.0.0] AndroidManifest.xml:20:5-44
MERGED from [com.android.support:support-vector-drawable:26.0.0] AndroidManifest.xml:20:5-44
MERGED from [com.android.support:transition:26.0.0] AndroidManifest.xml:20:5-44
MERGED from [com.android.support:transition:26.0.0] AndroidManifest.xml:20:5-44
MERGED from [com.android.support:support-v4:26.0.0] AndroidManifest.xml:21:5-23:54
MERGED from [com.android.support:support-v4:26.0.0] AndroidManifest.xml:21:5-23:54
MERGED from [com.android.support:support-fragment:26.0.0] AndroidManifest.xml:21:5-23:60
MERGED from [com.android.support:support-fragment:26.0.0] AndroidManifest.xml:21:5-23:60
MERGED from [com.android.support:support-core-ui:26.0.0] AndroidManifest.xml:21:5-23:58
MERGED from [com.android.support:support-core-ui:26.0.0] AndroidManifest.xml:21:5-23:58
MERGED from [com.android.support:support-media-compat:26.0.0] AndroidManifest.xml:21:5-23:63
MERGED from [com.android.support:support-media-compat:26.0.0] AndroidManifest.xml:21:5-23:63
MERGED from [com.android.support:support-core-utils:26.0.0] AndroidManifest.xml:21:5-23:61
MERGED from [com.android.support:support-core-utils:26.0.0] AndroidManifest.xml:21:5-23:61
MERGED from [com.android.support:support-compat:26.0.0] AndroidManifest.xml:21:5-23:58
MERGED from [com.android.support:support-compat:26.0.0] AndroidManifest.xml:21:5-23:58
MERGED from [com.android.support:multidex:1.0.1] AndroidManifest.xml:18:5-43
MERGED from [com.android.support:multidex:1.0.1] AndroidManifest.xml:18:5-43
INJECTED from src/main/AndroidManifest.xml
INJECTED from src/main/AndroidManifest.xml
	tools:overrideLibrary
		ADDED from [com.android.support:design:26.0.0] AndroidManifest.xml:23:9-59
	android:targetSdkVersion
		INJECTED from src/main/AndroidManifest.xml
		ADDED from src/main/AndroidManifest.xml
		INJECTED from src/main/AndroidManifest.xml
	android:minSdkVersion
		INJECTED from src/main/AndroidManifest.xml
		ADDED from src/main/AndroidManifest.xml
		INJECTED from src/main/AndroidManifest.xml
meta-data#android.support.VERSION
ADDED from [com.android.support:design:26.0.0] AndroidManifest.xml:26:9-28:38
MERGED from [com.android.support:appcompat-v7:26.0.0] AndroidManifest.xml:26:9-28:38
MERGED from [com.android.support:appcompat-v7:26.0.0] AndroidManifest.xml:26:9-28:38
MERGED from [com.android.support:cardview-v7:26.0.0] AndroidManifest.xml:23:9-25:38
MERGED from [com.android.support:cardview-v7:26.0.0] AndroidManifest.xml:23:9-25:38
MERGED from [com.android.support:recyclerview-v7:26.0.0] AndroidManifest.xml:23:9-25:38
MERGED from [com.android.support:recyclerview-v7:26.0.0] AndroidManifest.xml:23:9-25:38
MERGED from [com.android.support:animated-vector-drawable:26.0.0] AndroidManifest.xml:23:9-25:38
MERGED from [com.android.support:animated-vector-drawable:26.0.0] AndroidManifest.xml:23:9-25:38
MERGED from [com.android.support:support-vector-drawable:26.0.0] AndroidManifest.xml:23:9-25:38
MERGED from [com.android.support:support-vector-drawable:26.0.0] AndroidManifest.xml:23:9-25:38
MERGED from [com.android.support:transition:26.0.0] AndroidManifest.xml:23:9-25:38
MERGED from [com.android.support:transition:26.0.0] AndroidManifest.xml:23:9-25:38
MERGED from [com.android.support:support-v4:26.0.0] AndroidManifest.xml:26:9-28:38
MERGED from [com.android.support:support-v4:26.0.0] AndroidManifest.xml:26:9-28:38
MERGED from [com.android.support:support-fragment:26.0.0] AndroidManifest.xml:26:9-28:38
MERGED from [com.android.support:support-fragment:26.0.0] AndroidManifest.xml:26:9-28:38
MERGED from [com.android.support:support-core-ui:26.0.0] AndroidManifest.xml:26:9-28:38
MERGED from [com.android.support:support-core-ui:26.0.0] AndroidManifest.xml:26:9-28:38
MERGED from [com.android.support:support-media-compat:26.0.0] AndroidManifest.xml:26:9-28:38
MERGED from [com.android.support:support-media-compat:26.0.0] AndroidManifest.xml:26:9-28:38
MERGED from [com.android.support:support-core-utils:26.0.0] AndroidManifest.xml:26:9-28:38
MERGED from [com.android.support:support-core-utils:26.0.0] AndroidManifest.xml:26:9-28:38
MERGED from [com.android.support:support-compat:26.0.0] AndroidManifest.xml:26:9-28:38
MERGED from [com.android.support:support-compat:26.0.0] AndroidManifest.xml:26:9-28:38
	android:value
		ADDED from [com.android.support:design:26.0.0] AndroidManifest.xml:28:13-35
	android:name
		ADDED from [com.android.support:design:26.0.0] AndroidManifest.xml:27:13-51